<?xml version="1.0" encoding="UTF-8"?>
<!-- Generated by org.testng.reporters.JUnitXMLReporter -->
<testsuite hostname="Vigneshs-MBP.fios-router.home" ignored="0" name="ChromeTest" tests="2" failures="0" timestamp="04 Jun 2017 23:44:35 GMT" time="11.773" errors="0">
  <testcase name="verifySearchResultGreaterThanZero" time="4.665" classname="test.AssessmentTest"/>
  <testcase name="verifySearchPriceMatchesViewDetailsPrice" time="3.421" classname="test.AssessmentTest"/>
</testsuite> <!-- ChromeTest -->
