<?xml version="1.0" encoding="UTF-8"?>
<!-- Generated by org.testng.reporters.JUnitXMLReporter -->
<testsuite hostname="Vigneshs-MBP.fios-router.home" ignored="0" name="FirefoxTest" tests="2" failures="0" timestamp="04 Jun 2017 23:44:23 GMT" time="9.826" errors="0">
  <testcase name="verifySearchResultGreaterThanZero" time="1.868" classname="test.AssessmentTest"/>
  <testcase name="verifySearchPriceMatchesViewDetailsPrice" time="2.112" classname="test.AssessmentTest"/>
</testsuite> <!-- FirefoxTest -->
