<?xml version="1.0" encoding="UTF-8"?>
<!-- Generated by org.testng.reporters.JUnitXMLReporter -->
<testsuite hostname="Vigneshs-MBP.fios-router.home" name="ChromeTest(failed)(failed)" tests="2" failures="0" timestamp="3 Jun 2017 16:23:14 GMT" time="12.175" errors="0">
  <testcase name="verifySearchResultGreaterThanZero" time="4.293" classname="test.AssessmentTest"/>
  <testcase name="verifySearchPriceMatchesViewDetailsPrice" time="3.71" classname="test.AssessmentTest"/>
</testsuite> <!-- ChromeTest(failed)(failed) -->
