<?xml version="1.0" encoding="UTF-8"?>
<testng-results skipped="0" failed="0" ignored="0" total="4" passed="4">
  <reporter-output>
  </reporter-output>
  <suite name="Suite" duration-ms="21627" started-at="2017-06-04T23:44:13Z" finished-at="2017-06-04T23:44:35Z">
    <groups>
    </groups>
    <test name="FirefoxTest" duration-ms="9826" started-at="2017-06-04T23:44:13Z" finished-at="2017-06-04T23:44:23Z">
      <class name="test.AssessmentTest">
        <test-method status="PASS" signature="setUp(java.lang.String)[pri:0, instance:test.AssessmentTest@604ed9f0]" name="setUp" is-config="true" duration-ms="5666" started-at="2017-06-04T19:44:13Z" finished-at="2017-06-04T19:44:19Z">
          <params>
            <param index="0">
              <value>
                <![CDATA[firefox]]>
              </value>
            </param>
          </params>
          <reporter-output>
          </reporter-output>
        </test-method> <!-- setUp -->
        <test-method status="PASS" signature="verifySearchResultGreaterThanZero()[pri:1, instance:test.AssessmentTest@604ed9f0]" name="verifySearchResultGreaterThanZero" duration-ms="1868" started-at="2017-06-04T19:44:19Z" finished-at="2017-06-04T19:44:21Z">
          <reporter-output>
          </reporter-output>
        </test-method> <!-- verifySearchResultGreaterThanZero -->
        <test-method status="PASS" signature="verifySearchPriceMatchesViewDetailsPrice()[pri:2, instance:test.AssessmentTest@604ed9f0]" name="verifySearchPriceMatchesViewDetailsPrice" duration-ms="2112" started-at="2017-06-04T19:44:21Z" finished-at="2017-06-04T19:44:23Z">
          <reporter-output>
          </reporter-output>
        </test-method> <!-- verifySearchPriceMatchesViewDetailsPrice -->
        <test-method status="PASS" signature="shutDown()[pri:0, instance:test.AssessmentTest@604ed9f0]" name="shutDown" is-config="true" duration-ms="159" started-at="2017-06-04T19:44:23Z" finished-at="2017-06-04T19:44:23Z">
          <reporter-output>
          </reporter-output>
        </test-method> <!-- shutDown -->
      </class> <!-- test.AssessmentTest -->
    </test> <!-- FirefoxTest -->
    <test name="ChromeTest" duration-ms="11773" started-at="2017-06-04T23:44:23Z" finished-at="2017-06-04T23:44:35Z">
      <class name="test.AssessmentTest">
        <test-method status="PASS" signature="setUp(java.lang.String)[pri:0, instance:test.AssessmentTest@13deb50e]" name="setUp" is-config="true" duration-ms="3513" started-at="2017-06-04T19:44:23Z" finished-at="2017-06-04T19:44:27Z">
          <params>
            <param index="0">
              <value>
                <![CDATA[chrome]]>
              </value>
            </param>
          </params>
          <reporter-output>
          </reporter-output>
        </test-method> <!-- setUp -->
        <test-method status="PASS" signature="verifySearchResultGreaterThanZero()[pri:1, instance:test.AssessmentTest@13deb50e]" name="verifySearchResultGreaterThanZero" duration-ms="4665" started-at="2017-06-04T19:44:27Z" finished-at="2017-06-04T19:44:31Z">
          <reporter-output>
          </reporter-output>
        </test-method> <!-- verifySearchResultGreaterThanZero -->
        <test-method status="PASS" signature="verifySearchPriceMatchesViewDetailsPrice()[pri:2, instance:test.AssessmentTest@13deb50e]" name="verifySearchPriceMatchesViewDetailsPrice" duration-ms="3421" started-at="2017-06-04T19:44:31Z" finished-at="2017-06-04T19:44:35Z">
          <reporter-output>
          </reporter-output>
        </test-method> <!-- verifySearchPriceMatchesViewDetailsPrice -->
        <test-method status="PASS" signature="shutDown()[pri:0, instance:test.AssessmentTest@13deb50e]" name="shutDown" is-config="true" duration-ms="170" started-at="2017-06-04T19:44:35Z" finished-at="2017-06-04T19:44:35Z">
          <reporter-output>
          </reporter-output>
        </test-method> <!-- shutDown -->
      </class> <!-- test.AssessmentTest -->
    </test> <!-- ChromeTest -->
  </suite> <!-- Suite -->
</testng-results>
